C51 COMPILER V9.00   CHA13_1TIME                                                           01/15/2014 10:40:24 PAGE 1   


C51 COMPILER V9.00, COMPILATION OF MODULE CHA13_1TIME
OBJECT MODULE PLACED IN cha13-1time.obj
COMPILER INVOKED BY: C:\Keil\C51\BIN\C51.EXE C51\cha13-1time.c BROWSE DEBUG OBJECTEXTEND PRINT(.\cha13-1time.lst) OBJECT
                    -(cha13-1time.obj)

line level    source

   1          /*实验一，数据传送程序，文件名：CHA13-1B.c*/
   2          #include<reg52.h>
   3          #include<intrins.h>
   4          #include <absacc.h>
   5          #define uint unsigned int
   6          #define uchar unsigned char 
   7          uchar idata dADDR30[16] _at_ 0x30;
   8          uchar idata dADDR50[16] _at_ 0x50;
   9          uchar xdata xADDR[16] _at_ 0x3000;
  10          uchar  xdata   *waddr;
  11          uchar  data    count;
  12          uchar i,n;
  13          /***********ms延时程序******************/
  14          void delay(uint z)//延时函数
  15          {
  16   1             uint i;
  17   1             for(i=0;i<z;i++);
  18   1      }
  19          /************片内数据区初始化***************/
  20          void Init(uchar lenth)
  21          {
  22   1              uchar i;
  23   1              for(i=0;i<lenth;i++)
  24   1              {
  25   2                      dADDR30[i]=i+1;
  26   2              }
  27   1      }
  28          /******方法三：使用C51扩展关键字 _at_*******/
  29          /*******uchar idata dADDR[16] _at_ 0x30;******/
  30          /*******uchar xdata xADDR[16] _at_ 0x3000;*******/
  31          void movcd(uchar lenth)
  32          {
  33   1              uchar i;
  34   1                      for(i=0;i<lenth;i++){
  35   2                      xADDR[i]=dADDR30[i];
  36   2                      dADDR50[i]=xADDR[i];
  37   2                      }
  38   1      }
  39          /************主函数****************/
  40          void main()
  41          {
  42   1             uint i; 
  43   1                 Init(4);
  44   1                 movcd(4);;
  45   1                 while(1) 
  46   1                 {     
  47   2             for(i=0;i<5;i++)
  48   2                 {P1= dADDR50[i];delay(20000);P1=0xff; } 
  49   2                 delay(20000);
  50   2                 }
  51   1      }


MODULE INFORMATION:   STATIC OVERLAYABLE
C51 COMPILER V9.00   CHA13_1TIME                                                           01/15/2014 10:40:24 PAGE 2   

   CODE SIZE        =    133    ----
   CONSTANT SIZE    =   ----    ----
   XDATA SIZE       =   ----    ----
   PDATA SIZE       =   ----    ----
   DATA SIZE        =      5    ----
   IDATA SIZE       =   ----    ----
   BIT SIZE         =   ----    ----
END OF MODULE INFORMATION.


C51 COMPILATION COMPLETE.  0 WARNING(S),  0 ERROR(S)
